[2025-07-03 16:41:15] [INFO   ]  Custom Logger Initialized 
[2025-07-03 16:41:15] [INFO   ] [NOTICE] TerraformGenerator will suppress the server's watchdog while generating chunks to prevent unnecessary stacktrace warnings. Unless you specifically need thewatchdog now (to take aikar timings or debug lag), you don't need to take any action. 
[2025-07-03 16:41:15] [INFO   ] It is recommended to pregenerate to reduce lag problems. 
[2025-07-03 16:41:15] [INFO   ] Watchdog Thread hooked. 
[2025-07-03 16:41:15] [INFO   ]  bStats Metrics enabled. 
[2025-07-03 16:41:15] [INFO   ]  Detected version: 1.21.1, number: 21.1 
[2025-07-03 16:41:15] [INFO   ] Unfreezing biome registry... 
[2025-07-03 16:41:15] [INFO   ] Registered custom biome: muddy_bog 
[2025-07-03 16:41:15] [INFO   ] Registered custom biome: cherry_grove 
[2025-07-03 16:41:15] [INFO   ] Registered custom biome: scarlet_forest 
[2025-07-03 16:41:15] [INFO   ] Registered custom biome: crystalline_cluster 
[2025-07-03 16:41:15] [INFO   ] Freezing biome registry 
[2025-07-03 16:41:15] [INFO   ] [Structure Registry] Registered Large Structure: VillageHousePopulator 
[2025-07-03 16:41:15] [INFO   ] [Structure Registry] Registered Large Structure: VillagePopulator 
[2025-07-03 16:41:15] [INFO   ] [Structure Registry] Registered Large Structure: OutpostPopulator 
[2025-07-03 16:41:15] [INFO   ] [Structure Registry] Registered Large Structure: PyramidPopulator 
[2025-07-03 16:41:15] [INFO   ] [Structure Registry] Registered Large Structure: MonumentPopulator 
[2025-07-03 16:41:15] [INFO   ] [Structure Registry] Registered Large Structure: StrongholdPopulator 
[2025-07-03 16:41:15] [INFO   ] [Structure Registry] Registered Large Structure: MansionPopulator 
[2025-07-03 16:41:15] [INFO   ] [Structure Registry] Registered Large Structure: AncientCityPopulator 
[2025-07-03 16:41:15] [INFO   ] [Structure Registry] Registered Large Structure: TrialChamberPopulator 
[2025-07-03 16:41:15] [INFO   ] [Structure Registry] Registered Large Structure: LargeCavePopulator 
[2025-07-03 16:41:15] [INFO   ] [Structure Registry] Registered Large Structure: MineshaftPopulator 
[2025-07-03 16:41:15] [INFO   ] [Structure Registry] Registered Large Structure: CatacombsPopulator 
[2025-07-03 16:41:15] [INFO   ] [Structure Registry] Registered Large Structure: BadlandsMinePopulator 
[2025-07-03 16:41:15] [INFO   ] [Structure Registry] Registered Large Structure: WarmOceanRuinsPopulator 
[2025-07-03 16:41:15] [INFO   ] [Structure Registry] Registered Large Structure: TrailRuinsPopulator 
[2025-07-03 16:41:15] [INFO   ] [Structure Registry] Registered Small Structure: SmallDungeonPopulator 
[2025-07-03 16:41:15] [INFO   ] [Structure Registry] Registered Small Structure: ShipwreckPopulator 
[2025-07-03 16:41:15] [INFO   ] [Structure Registry] Registered Small Structure: BuriedTreasurePopulator 
[2025-07-03 16:41:15] [INFO   ] [Structure Registry] Registered Small Structure: RuinedPortalPopulator 
[2025-07-03 16:41:15] [INFO   ] [Structure Registry] Registered Small Structure: IglooPopulator 
[2025-07-03 16:41:15] [INFO   ] [Structure Registry] Registered Small Structure: DesertWellPopulator 
[2025-07-03 16:41:15] [INFO   ] [Structure Registry] Registered Small Structure: WitchHutPopulator 
[2025-07-03 16:44:50] [INFO   ]  Custom Logger Initialized 
[2025-07-03 16:44:50] [INFO   ] [NOTICE] TerraformGenerator will suppress the server's watchdog while generating chunks to prevent unnecessary stacktrace warnings. Unless you specifically need thewatchdog now (to take aikar timings or debug lag), you don't need to take any action. 
[2025-07-03 16:44:50] [INFO   ] It is recommended to pregenerate to reduce lag problems. 
[2025-07-03 16:44:50] [INFO   ] Watchdog Thread hooked. 
[2025-07-03 16:44:50] [INFO   ]  bStats Metrics enabled. 
[2025-07-03 16:44:50] [INFO   ]  Detected version: 1.21.1, number: 21.1 
[2025-07-03 16:44:50] [INFO   ] Unfreezing biome registry... 
[2025-07-03 16:44:50] [INFO   ] Registered custom biome: muddy_bog 
[2025-07-03 16:44:50] [INFO   ] Registered custom biome: cherry_grove 
[2025-07-03 16:44:50] [INFO   ] Registered custom biome: scarlet_forest 
[2025-07-03 16:44:50] [INFO   ] Registered custom biome: crystalline_cluster 
[2025-07-03 16:44:50] [INFO   ] Freezing biome registry 
[2025-07-03 16:44:50] [INFO   ] [Structure Registry] Registered Large Structure: VillageHousePopulator 
[2025-07-03 16:44:50] [INFO   ] [Structure Registry] Registered Large Structure: VillagePopulator 
[2025-07-03 16:44:50] [INFO   ] [Structure Registry] Registered Large Structure: OutpostPopulator 
[2025-07-03 16:44:50] [INFO   ] [Structure Registry] Registered Large Structure: PyramidPopulator 
[2025-07-03 16:44:50] [INFO   ] [Structure Registry] Registered Large Structure: MonumentPopulator 
[2025-07-03 16:44:50] [INFO   ] [Structure Registry] Registered Large Structure: StrongholdPopulator 
[2025-07-03 16:44:50] [INFO   ] [Structure Registry] Registered Large Structure: MansionPopulator 
[2025-07-03 16:44:50] [INFO   ] [Structure Registry] Registered Large Structure: AncientCityPopulator 
[2025-07-03 16:44:50] [INFO   ] [Structure Registry] Registered Large Structure: TrialChamberPopulator 
[2025-07-03 16:44:50] [INFO   ] [Structure Registry] Registered Large Structure: LargeCavePopulator 
[2025-07-03 16:44:50] [INFO   ] [Structure Registry] Registered Large Structure: MineshaftPopulator 
[2025-07-03 16:44:50] [INFO   ] [Structure Registry] Registered Large Structure: CatacombsPopulator 
[2025-07-03 16:44:50] [INFO   ] [Structure Registry] Registered Large Structure: BadlandsMinePopulator 
[2025-07-03 16:44:50] [INFO   ] [Structure Registry] Registered Large Structure: WarmOceanRuinsPopulator 
[2025-07-03 16:44:50] [INFO   ] [Structure Registry] Registered Large Structure: TrailRuinsPopulator 
[2025-07-03 16:44:50] [INFO   ] [Structure Registry] Registered Small Structure: SmallDungeonPopulator 
[2025-07-03 16:44:50] [INFO   ] [Structure Registry] Registered Small Structure: ShipwreckPopulator 
[2025-07-03 16:44:50] [INFO   ] [Structure Registry] Registered Small Structure: BuriedTreasurePopulator 
[2025-07-03 16:44:50] [INFO   ] [Structure Registry] Registered Small Structure: RuinedPortalPopulator 
[2025-07-03 16:44:50] [INFO   ] [Structure Registry] Registered Small Structure: IglooPopulator 
[2025-07-03 16:44:50] [INFO   ] [Structure Registry] Registered Small Structure: DesertWellPopulator 
[2025-07-03 16:44:50] [INFO   ] [Structure Registry] Registered Small Structure: WitchHutPopulator 
[2025-07-03 16:44:50] [INFO   ] Creating TW instance: world - 1251143830554930512 
[2025-07-03 16:44:50] [INFO   ]  Detected world: world, commencing injection...  
[2025-07-03 16:44:50] [INFO   ] Creating TW instance: world - 1251143830554930512 
[2025-07-03 16:44:50] [INFO   ] NMSChunkGenerator Delegate is of type CustomChunkGenerator 
[2025-07-03 16:44:50] [INFO   ] Post injection: getChunkSource().getChunkGenerator() is of type NMSChunkGenerator 
[2025-07-03 16:44:50] [INFO   ]  Injection success! Proceeding with generation. 
[2025-07-03 16:44:52] [INFO   ] Will spawn stronghold at: CoordPair[x=-1380, z=274] 
[2025-07-03 16:44:52] [INFO   ] Spawning ForestedMountainsCavePopulator at 0,29,-16 
[2025-07-03 16:44:52] [INFO   ] Spawning DeepCavePopulator at 0,-33,-13 
[2025-07-03 16:44:52] [INFO   ] Spawning MossyCavePopulator at 11,28,-1 
[2025-07-03 16:44:52] [INFO   ] Large Cave at 320,25,-192 has water level > -12 with populator MushroomCavePopulator 
[2025-07-03 16:44:53] [INFO   ] Spawning ancient city at: -192,-19,-192 
[2025-07-03 16:44:53] [INFO   ] Registered: org.terraform.structure.ancientcity.AncientCitySchematicPlatform at -137 -19 -201 in a room of size 19x19 
[2025-07-03 16:44:53] [INFO   ] Registered: org.terraform.structure.ancientcity.AncientCitySchematicPlatform at -220 -19 -239 in a room of size 25x21 
[2025-07-03 16:44:53] [INFO   ] Registered: org.terraform.structure.ancientcity.AncientCityLargePillarRoomPopulator at -147 -19 -158 in a room of size 19x18 
[2025-07-03 16:44:53] [INFO   ] Registered: org.terraform.structure.ancientcity.AncientCityAltarPopulator at -251 -19 -192 in a room of size 26x17 
[2025-07-03 16:44:53] [INFO   ] Registered: org.terraform.structure.ancientcity.AncientCitySchematicPlatform at -251 -19 -139 in a room of size 20x20 
[2025-07-03 16:44:53] [INFO   ] Registered: org.terraform.structure.ancientcity.AncientCitySchematicPlatform at -245 -19 -176 in a room of size 26x16 
[2025-07-03 16:44:53] [INFO   ] Registered: org.terraform.structure.ancientcity.AncientCityRuinsPlatform at -227 -19 -140 in a room of size 16x16 
[2025-07-03 16:44:53] [INFO   ] Registered: org.terraform.structure.ancientcity.AncientCityCenterPlatformPopulator at -184 -19 -184 in a room of size 46x46 
[2025-07-03 16:44:53] [INFO   ] Registered: org.terraform.structure.ancientcity.AncientCityRuinsPlatform at -193 -19 -245 in a room of size 26x19 
[2025-07-03 16:44:53] [INFO   ] Registered: org.terraform.structure.ancientcity.AncientCitySchematicPlatform at -184 -19 -135 in a room of size 24x24 
[2025-07-03 16:44:53] [INFO   ] Registered: org.terraform.structure.ancientcity.AncientCityRuinsPlatform at -218 -19 -177 in a room of size 18x21 
[2025-07-03 16:44:53] [INFO   ] Registered: org.terraform.structure.ancientcity.AncientCityAltarPopulator at -181 -19 -223 in a room of size 26x17 
[2025-07-03 16:44:53] [INFO   ] Registered: org.terraform.structure.ancientcity.AncientCityRuinsPlatform at -159 -19 -136 in a room of size 18x21 
[2025-07-03 16:44:53] [INFO   ] Registered: org.terraform.structure.mineshaft.ShaftRoomPopulator at -128 11 386 in a room of size 14x14 
[2025-07-03 16:44:53] [INFO   ] Registered: org.terraform.structure.mineshaft.CaveSpiderDenPopulator at -155 11 288 in a room of size 14x14 
[2025-07-03 16:44:53] [INFO   ] Registered: org.terraform.structure.mineshaft.SmeltingHallPopulator at -191 11 336 in a room of size 15x13 
[2025-07-03 16:44:53] [INFO   ] Registered: org.terraform.structure.mineshaft.ShaftRoomPopulator at -226 11 394 in a room of size 15x15 
[2025-07-03 16:44:53] [INFO   ] Registered: org.terraform.structure.mineshaft.ShaftRoomPopulator at -118 11 363 in a room of size 14x13 
[2025-07-03 16:44:53] [INFO   ] Registered: org.terraform.structure.mineshaft.ShaftRoomPopulator at -175 11 276 in a room of size 15x13 
[2025-07-03 16:44:53] [INFO   ] Registered: org.terraform.structure.mineshaft.CaveSpiderDenPopulator at -195 11 393 in a room of size 13x14 
[2025-07-03 16:44:53] [INFO   ] Registered: org.terraform.structure.mineshaft.ShaftRoomPopulator at -149 11 360 in a room of size 15x13 
[2025-07-03 16:44:53] [INFO   ] Registered: org.terraform.structure.mineshaft.CaveSpiderDenPopulator at -150 11 336 in a room of size 13x14 
[2025-07-03 16:44:53] [INFO   ] Registered: org.terraform.structure.mineshaft.ShaftRoomPopulator at -232 11 282 in a room of size 15x15 
[2025-07-03 16:44:53] [INFO   ] Registered: org.terraform.structure.mineshaft.SmeltingHallPopulator at -148 26 345 in a room of size 15x13 
[2025-07-03 16:44:53] [INFO   ] Registered: org.terraform.structure.mineshaft.ShaftTopPopulator at -232 26 282 in a room of size 15x6 
[2025-07-03 16:44:53] [INFO   ] Registered: org.terraform.structure.mineshaft.SmeltingHallPopulator at -237 26 337 in a room of size 14x14 
[2025-07-03 16:44:53] [INFO   ] Registered: org.terraform.structure.mineshaft.ShaftTopPopulator at -226 26 394 in a room of size 15x6 
[2025-07-03 16:44:53] [INFO   ] Registered: org.terraform.structure.mineshaft.SmeltingHallPopulator at -130 26 348 in a room of size 13x13 
[2025-07-03 16:44:53] [INFO   ] Registered: org.terraform.structure.mineshaft.SmeltingHallPopulator at -255 26 330 in a room of size 15x15 
[2025-07-03 16:44:53] [INFO   ] Registered: org.terraform.structure.mineshaft.ShaftTopPopulator at -149 26 360 in a room of size 15x7 
[2025-07-03 16:44:53] [INFO   ] Registered: org.terraform.structure.mineshaft.SmeltingHallPopulator at -143 26 383 in a room of size 14x15 
[2025-07-03 16:44:53] [INFO   ] Registered: org.terraform.structure.mineshaft.CaveSpiderDenPopulator at -211 26 350 in a room of size 15x15 
[2025-07-03 16:44:53] [INFO   ] Registered: org.terraform.structure.mineshaft.CaveSpiderDenPopulator at -140 26 319 in a room of size 14x15 
[2025-07-03 16:44:53] [INFO   ] Registered: org.terraform.structure.mineshaft.SmeltingHallPopulator at -158 26 255 in a room of size 14x15 
[2025-07-03 16:44:53] [INFO   ] Registered: org.terraform.structure.mineshaft.ShaftTopPopulator at -118 26 363 in a room of size 14x5 
[2025-07-03 16:44:53] [INFO   ] Registered: org.terraform.structure.mineshaft.ShaftTopPopulator at -175 26 276 in a room of size 15x7 
[2025-07-03 16:44:53] [INFO   ] Registered: org.terraform.structure.mineshaft.ShaftTopPopulator at -128 26 386 in a room of size 14x6 
[2025-07-03 16:44:53] [INFO   ] Spawning CaveFluidClusterPopulator at 0,6,0 
[2025-07-03 16:44:53] [INFO   ] Registered: org.terraform.structure.mineshaft.ShaftRoomPopulator at 317 -7 290 in a room of size 15x13 
[2025-07-03 16:44:53] [INFO   ] Registered: org.terraform.structure.mineshaft.SmeltingHallPopulator at 337 -7 325 in a room of size 15x14 
[2025-07-03 16:44:53] [INFO   ] Registered: org.terraform.structure.mineshaft.ShaftRoomPopulator at 290 -7 307 in a room of size 15x14 
[2025-07-03 16:44:53] [INFO   ] Registered: org.terraform.structure.mineshaft.ShaftRoomPopulator at 324 -7 363 in a room of size 14x13 
[2025-07-03 16:44:53] [INFO   ] Registered: org.terraform.structure.mineshaft.ShaftRoomPopulator at 339 -7 373 in a room of size 14x13 
[2025-07-03 16:44:53] [INFO   ] Registered: org.terraform.structure.mineshaft.SmeltingHallPopulator at 292 -7 373 in a room of size 14x13 
[2025-07-03 16:44:53] [INFO   ] Registered: org.terraform.structure.mineshaft.CaveSpiderDenPopulator at 352 -7 267 in a room of size 13x15 
[2025-07-03 16:44:53] [INFO   ] Registered: org.terraform.structure.mineshaft.CaveSpiderDenPopulator at 267 -7 333 in a room of size 14x14 
[2025-07-03 16:44:53] [INFO   ] Registered: org.terraform.structure.mineshaft.CaveSpiderDenPopulator at 353 -7 313 in a room of size 14x13 
[2025-07-03 16:44:53] [INFO   ] Registered: org.terraform.structure.mineshaft.CaveSpiderDenPopulator at 293 8 342 in a room of size 15x13 
[2025-07-03 16:44:53] [INFO   ] Registered: org.terraform.structure.mineshaft.CaveSpiderDenPopulator at 333 8 349 in a room of size 15x15 
[2025-07-03 16:44:53] [INFO   ] Registered: org.terraform.structure.mineshaft.ShaftTopPopulator at 317 8 290 in a room of size 15x5 
[2025-07-03 16:44:53] [INFO   ] Registered: org.terraform.structure.mineshaft.CaveSpiderDenPopulator at 378 8 361 in a room of size 15x13 
[2025-07-03 16:44:53] [INFO   ] Registered: org.terraform.structure.mineshaft.ShaftTopPopulator at 324 8 363 in a room of size 14x5 
[2025-07-03 16:44:53] [INFO   ] Registered: org.terraform.structure.mineshaft.SmeltingHallPopulator at 286 8 246 in a room of size 15x14 
[2025-07-03 16:44:53] [INFO   ] Registered: org.terraform.structure.mineshaft.CaveSpiderDenPopulator at 265 8 356 in a room of size 15x13 
[2025-07-03 16:44:53] [INFO   ] Registered: org.terraform.structure.mineshaft.CaveSpiderDenPopulator at 310 8 266 in a room of size 14x15 
[2025-07-03 16:44:53] [INFO   ] Registered: org.terraform.structure.mineshaft.ShaftTopPopulator at 339 8 373 in a room of size 14x6 
[2025-07-03 16:44:53] [INFO   ] Registered: org.terraform.structure.mineshaft.SmeltingHallPopulator at 333 8 245 in a room of size 14x15 
[2025-07-03 16:44:53] [INFO   ] Registered: org.terraform.structure.mineshaft.ShaftTopPopulator at 290 8 307 in a room of size 15x6 
[2025-07-03 16:44:53] [INFO   ] Spawning DripstoneClusterCavePopulator at 0,90,-64 
[2025-07-03 16:44:54] [INFO   ] Spawning LushClusterCavePopulator at 64,-28,0 
[2025-07-03 16:44:54] [INFO   ]  world loaded. 
[2025-07-03 16:45:36] [INFO   ]  Custom Logger Initialized 
[2025-07-03 16:45:36] [INFO   ] [NOTICE] TerraformGenerator will suppress the server's watchdog while generating chunks to prevent unnecessary stacktrace warnings. Unless you specifically need thewatchdog now (to take aikar timings or debug lag), you don't need to take any action. 
[2025-07-03 16:45:36] [INFO   ] It is recommended to pregenerate to reduce lag problems. 
[2025-07-03 16:45:36] [INFO   ] Watchdog Thread hooked. 
[2025-07-03 16:45:36] [INFO   ]  bStats Metrics enabled. 
[2025-07-03 16:45:36] [INFO   ]  Detected version: 1.21.1, number: 21.1 
[2025-07-03 16:45:36] [INFO   ] Unfreezing biome registry... 
[2025-07-03 16:45:36] [INFO   ] Registered custom biome: muddy_bog 
[2025-07-03 16:45:36] [INFO   ] Registered custom biome: cherry_grove 
[2025-07-03 16:45:36] [INFO   ] Registered custom biome: scarlet_forest 
[2025-07-03 16:45:36] [INFO   ] Registered custom biome: crystalline_cluster 
[2025-07-03 16:45:36] [INFO   ] Freezing biome registry 
[2025-07-03 16:45:36] [INFO   ] [Structure Registry] Registered Large Structure: VillageHousePopulator 
[2025-07-03 16:45:36] [INFO   ] [Structure Registry] Registered Large Structure: VillagePopulator 
[2025-07-03 16:45:36] [INFO   ] [Structure Registry] Registered Large Structure: OutpostPopulator 
[2025-07-03 16:45:36] [INFO   ] [Structure Registry] Registered Large Structure: PyramidPopulator 
[2025-07-03 16:45:36] [INFO   ] [Structure Registry] Registered Large Structure: MonumentPopulator 
[2025-07-03 16:45:36] [INFO   ] [Structure Registry] Registered Large Structure: StrongholdPopulator 
[2025-07-03 16:45:36] [INFO   ] [Structure Registry] Registered Large Structure: MansionPopulator 
[2025-07-03 16:45:36] [INFO   ] [Structure Registry] Registered Large Structure: AncientCityPopulator 
[2025-07-03 16:45:36] [INFO   ] [Structure Registry] Registered Large Structure: TrialChamberPopulator 
[2025-07-03 16:45:36] [INFO   ] [Structure Registry] Registered Large Structure: LargeCavePopulator 
[2025-07-03 16:45:36] [INFO   ] [Structure Registry] Registered Large Structure: MineshaftPopulator 
[2025-07-03 16:45:36] [INFO   ] [Structure Registry] Registered Large Structure: CatacombsPopulator 
[2025-07-03 16:45:36] [INFO   ] [Structure Registry] Registered Large Structure: BadlandsMinePopulator 
[2025-07-03 16:45:36] [INFO   ] [Structure Registry] Registered Large Structure: WarmOceanRuinsPopulator 
[2025-07-03 16:45:36] [INFO   ] [Structure Registry] Registered Large Structure: TrailRuinsPopulator 
[2025-07-03 16:45:36] [INFO   ] [Structure Registry] Registered Small Structure: SmallDungeonPopulator 
[2025-07-03 16:45:36] [INFO   ] [Structure Registry] Registered Small Structure: ShipwreckPopulator 
[2025-07-03 16:45:36] [INFO   ] [Structure Registry] Registered Small Structure: BuriedTreasurePopulator 
[2025-07-03 16:45:36] [INFO   ] [Structure Registry] Registered Small Structure: RuinedPortalPopulator 
[2025-07-03 16:45:36] [INFO   ] [Structure Registry] Registered Small Structure: IglooPopulator 
[2025-07-03 16:45:36] [INFO   ] [Structure Registry] Registered Small Structure: DesertWellPopulator 
[2025-07-03 16:45:36] [INFO   ] [Structure Registry] Registered Small Structure: WitchHutPopulator 
[2025-07-03 16:45:37] [INFO   ] Creating TW instance: world - -4922751724223358127 
[2025-07-03 16:45:37] [INFO   ]  Detected world: world, commencing injection...  
[2025-07-03 16:45:37] [INFO   ] Creating TW instance: world - -4922751724223358127 
[2025-07-03 16:45:37] [INFO   ] NMSChunkGenerator Delegate is of type CustomChunkGenerator 
[2025-07-03 16:45:37] [INFO   ] Post injection: getChunkSource().getChunkGenerator() is of type NMSChunkGenerator 
[2025-07-03 16:45:37] [INFO   ]  Injection success! Proceeding with generation. 
[2025-07-03 16:45:39] [INFO   ] Will spawn stronghold at: CoordPair[x=884, z=1095] 
[2025-07-03 16:45:40] [INFO   ] Spawning MossyCavePopulator at 0,25,0 
[2025-07-03 16:45:40] [INFO   ] Spawning CrystallineClusterCavePopulator at 0,-27,0 
[2025-07-03 16:45:40] [INFO   ] Spawning ForestedMountainsCavePopulator at 0,25,4 
[2025-07-03 16:45:40] [INFO   ] Large Cave at 320,17,320 has water level > -15 with populator GenericLargeCavePopulator 
[2025-07-03 16:45:41] [INFO   ] -12,-12 will spawn a vanilla structure, with tryGenerateStructure == true 
[2025-07-03 16:45:41] [INFO   ] Spawning FrozenCavePopulator at 18,41,28 
[2025-07-03 16:45:41] [INFO   ] Spawning DeepCavePopulator at -16,-38,8 
[2025-07-03 16:45:41] [INFO   ] Spawning ancient city at: -192,-14,320 
[2025-07-03 16:45:41] [INFO   ] Registered: org.terraform.structure.ancientcity.AncientCitySchematicPlatform at -215 -14 264 in a room of size 23x21 
[2025-07-03 16:45:41] [INFO   ] Registered: org.terraform.structure.ancientcity.AncientCityAltarPopulator at -228 -14 379 in a room of size 22x19 
[2025-07-03 16:45:41] [INFO   ] Registered: org.terraform.structure.ancientcity.AncientCityAltarPopulator at -153 -14 372 in a room of size 19x22 
[2025-07-03 16:45:41] [INFO   ] Registered: org.terraform.structure.ancientcity.AncientCityAltarPopulator at -209 -14 373 in a room of size 17x17 
[2025-07-03 16:45:41] [INFO   ] Registered: org.terraform.structure.ancientcity.AncientCityAltarPopulator at -232 -14 306 in a room of size 18x21 
[2025-07-03 16:45:41] [INFO   ] Registered: org.terraform.structure.ancientcity.AncientCityAltarPopulator at -140 -14 283 in a room of size 26x21 
[2025-07-03 16:45:41] [INFO   ] Registered: org.terraform.structure.ancientcity.AncientCityCenterPlatformPopulator at -184 -14 328 in a room of size 46x46 
[2025-07-03 16:45:41] [INFO   ] Registered: org.terraform.structure.ancientcity.AncientCitySchematicPlatform at -251 -14 304 in a room of size 17x26 
[2025-07-03 16:45:41] [INFO   ] Registered: org.terraform.structure.ancientcity.AncientCitySchematicPlatform at -249 -14 340 in a room of size 26x23 
[2025-07-03 16:45:41] [INFO   ] Registered: org.terraform.structure.ancientcity.AncientCityRuinsPlatform at -145 -14 316 in a room of size 23x19 
[2025-07-03 16:45:41] [INFO   ] Registered: org.terraform.structure.ancientcity.AncientCityRuinsPlatform at -239 -14 263 in a room of size 24x17 
[2025-07-03 16:45:41] [INFO   ] Registered: org.terraform.structure.ancientcity.AncientCityAltarPopulator at -174 -14 283 in a room of size 18x25 
[2025-07-03 16:45:41] [INFO   ] Registered: org.terraform.structure.ancientcity.AncientCityAltarPopulator at -218 -14 347 in a room of size 20x21 
[2025-07-03 16:45:41] [INFO   ] Registered: org.terraform.structure.ancientcity.AncientCityRuinsPlatform at -177 -14 360 in a room of size 16x19 
[2025-07-03 16:45:41] [INFO   ] Spawning CaveFluidClusterPopulator at 0,3,40 
[2025-07-03 16:45:42] [INFO   ] Spawning LushClusterCavePopulator at 64,3,0 
[2025-07-03 16:45:42] [INFO   ] Spawning DripstoneClusterCavePopulator at 0,34,-64 
[2025-07-03 16:45:42] [INFO   ]  world loaded. 
[2025-07-03 16:46:16] [INFO   ] Generating org.terraform.structure.small.dungeon.SmallDungeonPopulator at chunk: 8,10 
[2025-07-03 16:46:16] [INFO   ] Spawning Underground Dungeon at 133,31,169 
[2025-07-03 16:46:18] [INFO   ] Large Cave at 320,21,832 has water level > -16 with populator GenericLargeCavePopulator 
[2025-07-03 16:46:18] [INFO   ] Large Cave at -192,25,832 has water level > -10 with populator MushroomCavePopulator 
[2025-07-03 16:46:19] [INFO   ] Generating org.terraform.structure.caves.LargeCavePopulator at chunk: 20,20 
[2025-07-03 16:46:22] [INFO   ] Registered: org.terraform.structure.mineshaft.ShaftRoomPopulator at 835 6 -169 in a room of size 14x14 
[2025-07-03 16:46:22] [INFO   ] Registered: org.terraform.structure.mineshaft.CaveSpiderDenPopulator at 903 6 -131 in a room of size 15x13 
[2025-07-03 16:46:22] [INFO   ] Registered: org.terraform.structure.mineshaft.CaveSpiderDenPopulator at 849 6 -221 in a room of size 14x15 
[2025-07-03 16:46:22] [INFO   ] Registered: org.terraform.structure.mineshaft.ShaftRoomPopulator at 814 6 -209 in a room of size 13x14 
[2025-07-03 16:46:22] [INFO   ] Registered: org.terraform.structure.mineshaft.SmeltingHallPopulator at 862 6 -182 in a room of size 15x15 
[2025-07-03 16:46:22] [INFO   ] Registered: org.terraform.structure.mineshaft.CaveSpiderDenPopulator at 880 6 -167 in a room of size 13x13 
[2025-07-03 16:46:22] [INFO   ] Registered: org.terraform.structure.mineshaft.SmeltingHallPopulator at 806 6 -148 in a room of size 13x15 
[2025-07-03 16:46:22] [INFO   ] Registered: org.terraform.structure.mineshaft.CaveSpiderDenPopulator at 759 6 -217 in a room of size 14x13 
[2025-07-03 16:46:22] [INFO   ] Registered: org.terraform.structure.mineshaft.SmeltingHallPopulator at 836 21 -141 in a room of size 15x15 
[2025-07-03 16:46:22] [INFO   ] Registered: org.terraform.structure.mineshaft.SmeltingHallPopulator at 903 21 -246 in a room of size 15x15 
[2025-07-03 16:46:22] [INFO   ] Registered: org.terraform.structure.mineshaft.ShaftTopPopulator at 835 21 -169 in a room of size 14x7 
[2025-07-03 16:46:22] [INFO   ] Registered: org.terraform.structure.mineshaft.CaveSpiderDenPopulator at 877 21 -127 in a room of size 14x15 
[2025-07-03 16:46:22] [INFO   ] Registered: org.terraform.structure.mineshaft.CaveSpiderDenPopulator at 880 21 -265 in a room of size 15x13 
[2025-07-03 16:46:22] [INFO   ] Registered: org.terraform.structure.mineshaft.SmeltingHallPopulator at 810 21 -232 in a room of size 13x14 
[2025-07-03 16:46:22] [INFO   ] Registered: org.terraform.structure.mineshaft.CaveSpiderDenPopulator at 903 21 -200 in a room of size 13x13 
[2025-07-03 16:46:22] [INFO   ] Registered: org.terraform.structure.mineshaft.SmeltingHallPopulator at 877 21 -162 in a room of size 14x15 
[2025-07-03 16:46:22] [INFO   ] Registered: org.terraform.structure.mineshaft.CaveSpiderDenPopulator at 880 21 -210 in a room of size 14x13 
[2025-07-03 16:46:22] [INFO   ] Registered: org.terraform.structure.mineshaft.SmeltingHallPopulator at 886 21 -226 in a room of size 14x13 
[2025-07-03 16:46:22] [INFO   ] Registered: org.terraform.structure.mineshaft.ShaftTopPopulator at 814 21 -209 in a room of size 13x5 
[2025-07-03 16:46:22] [INFO   ] Registered: org.terraform.structure.mineshaft.SmeltingHallPopulator at 842 21 -234 in a room of size 15x15 
[2025-07-03 16:46:22] [INFO   ] Registered: org.terraform.structure.mineshaft.ShaftRoomPopulator at 829 -10 -659 in a room of size 13x13 
[2025-07-03 16:46:22] [INFO   ] Registered: org.terraform.structure.mineshaft.ShaftRoomPopulator at 822 -10 -633 in a room of size 14x15 
[2025-07-03 16:46:22] [INFO   ] Registered: org.terraform.structure.mineshaft.CaveSpiderDenPopulator at 771 -10 -637 in a room of size 15x15 
[2025-07-03 16:46:22] [INFO   ] Registered: org.terraform.structure.mineshaft.CaveSpiderDenPopulator at 792 -10 -676 in a room of size 13x15 
[2025-07-03 16:46:22] [INFO   ] Registered: org.terraform.structure.mineshaft.CaveSpiderDenPopulator at 812 -10 -680 in a room of size 13x15 
[2025-07-03 16:46:22] [INFO   ] Registered: org.terraform.structure.mineshaft.CaveSpiderDenPopulator at 859 -10 -632 in a room of size 13x13 
[2025-07-03 16:46:22] [INFO   ] Registered: org.terraform.structure.mineshaft.CaveSpiderDenPopulator at 796 -10 -747 in a room of size 14x14 
[2025-07-03 16:46:22] [INFO   ] Registered: org.terraform.structure.mineshaft.ShaftRoomPopulator at 764 -10 -725 in a room of size 14x15 
[2025-07-03 16:46:22] [INFO   ] Registered: org.terraform.structure.mineshaft.ShaftRoomPopulator at 870 -10 -732 in a room of size 15x15 
[2025-07-03 16:46:22] [INFO   ] Registered: org.terraform.structure.mineshaft.CaveSpiderDenPopulator at 780 -10 -700 in a room of size 15x14 
[2025-07-03 16:46:22] [INFO   ] Registered: org.terraform.structure.mineshaft.CaveSpiderDenPopulator at 855 5 -675 in a room of size 14x13 
[2025-07-03 16:46:22] [INFO   ] Registered: org.terraform.structure.mineshaft.CaveSpiderDenPopulator at 901 5 -680 in a room of size 13x15 
[2025-07-03 16:46:22] [INFO   ] Registered: org.terraform.structure.mineshaft.CaveSpiderDenPopulator at 779 5 -722 in a room of size 14x13 
[2025-07-03 16:46:22] [INFO   ] Registered: org.terraform.structure.mineshaft.CaveSpiderDenPopulator at 902 5 -630 in a room of size 14x15 
[2025-07-03 16:46:22] [INFO   ] Registered: org.terraform.structure.mineshaft.SmeltingHallPopulator at 821 5 -754 in a room of size 15x15 
[2025-07-03 16:46:22] [INFO   ] Registered: org.terraform.structure.mineshaft.ShaftTopPopulator at 764 5 -725 in a room of size 14x6 
[2025-07-03 16:46:22] [INFO   ] Registered: org.terraform.structure.mineshaft.CaveSpiderDenPopulator at 883 5 -762 in a room of size 14x13 
[2025-07-03 16:46:22] [INFO   ] Registered: org.terraform.structure.mineshaft.SmeltingHallPopulator at 768 5 -651 in a room of size 15x15 
[2025-07-03 16:46:22] [INFO   ] Registered: org.terraform.structure.mineshaft.ShaftTopPopulator at 870 5 -732 in a room of size 15x7 
[2025-07-03 16:46:22] [INFO   ] Registered: org.terraform.structure.mineshaft.CaveSpiderDenPopulator at 894 5 -656 in a room of size 14x14 
[2025-07-03 16:46:22] [INFO   ] Registered: org.terraform.structure.mineshaft.ShaftTopPopulator at 829 5 -659 in a room of size 13x7 
[2025-07-03 16:46:22] [INFO   ] Registered: org.terraform.structure.mineshaft.SmeltingHallPopulator at 861 5 -697 in a room of size 14x13 
[2025-07-03 16:46:22] [INFO   ] Registered: org.terraform.structure.mineshaft.ShaftTopPopulator at 822 5 -633 in a room of size 14x5 
[2025-07-03 16:46:22] [INFO   ] Registered: org.terraform.structure.mineshaft.ShaftRoomPopulator at 305 -2 -713 in a room of size 15x14 
[2025-07-03 16:46:22] [INFO   ] Registered: org.terraform.structure.mineshaft.SmeltingHallPopulator at 322 -2 -758 in a room of size 13x14 
[2025-07-03 16:46:22] [INFO   ] Registered: org.terraform.structure.mineshaft.SmeltingHallPopulator at 256 -2 -678 in a room of size 13x15 
[2025-07-03 16:46:22] [INFO   ] Registered: org.terraform.structure.mineshaft.SmeltingHallPopulator at 273 -2 -726 in a room of size 15x13 
[2025-07-03 16:46:22] [INFO   ] Registered: org.terraform.structure.mineshaft.CaveSpiderDenPopulator at 337 -2 -749 in a room of size 13x14 
[2025-07-03 16:46:22] [INFO   ] Registered: org.terraform.structure.mineshaft.CaveSpiderDenPopulator at 381 -2 -654 in a room of size 13x14 
[2025-07-03 16:46:22] [INFO   ] Registered: org.terraform.structure.mineshaft.SmeltingHallPopulator at 261 -2 -656 in a room of size 14x13 
[2025-07-03 16:46:22] [INFO   ] Registered: org.terraform.structure.mineshaft.ShaftRoomPopulator at 378 -2 -735 in a room of size 13x14 
[2025-07-03 16:46:22] [INFO   ] Registered: org.terraform.structure.mineshaft.ShaftRoomPopulator at 253 -2 -775 in a room of size 15x15 
[2025-07-03 16:46:22] [INFO   ] Registered: org.terraform.structure.mineshaft.SmeltingHallPopulator at 308 -2 -745 in a room of size 14x13 
[2025-07-03 16:46:22] [INFO   ] Registered: org.terraform.structure.mineshaft.ShaftTopPopulator at 253 13 -775 in a room of size 15x7 
[2025-07-03 16:46:22] [INFO   ] Registered: org.terraform.structure.mineshaft.CaveSpiderDenPopulator at 285 13 -759 in a room of size 15x13 
[2025-07-03 16:46:22] [INFO   ] Registered: org.terraform.structure.mineshaft.ShaftTopPopulator at 305 13 -713 in a room of size 15x7 
[2025-07-03 16:46:22] [INFO   ] Registered: org.terraform.structure.mineshaft.CaveSpiderDenPopulator at 321 13 -660 in a room of size 15x13 
[2025-07-03 16:46:22] [INFO   ] Registered: org.terraform.structure.mineshaft.CaveSpiderDenPopulator at 346 13 -668 in a room of size 13x13 
[2025-07-03 16:46:22] [INFO   ] Registered: org.terraform.structure.mineshaft.CaveSpiderDenPopulator at 335 13 -775 in a room of size 15x14 
[2025-07-03 16:46:22] [INFO   ] Registered: org.terraform.structure.mineshaft.SmeltingHallPopulator at 379 13 -747 in a room of size 13x15 
[2025-07-03 16:46:22] [INFO   ] Registered: org.terraform.structure.mineshaft.CaveSpiderDenPopulator at 387 13 -673 in a room of size 13x15 
[2025-07-03 16:46:22] [INFO   ] Registered: org.terraform.structure.mineshaft.SmeltingHallPopulator at 251 13 -738 in a room of size 15x15 
[2025-07-03 16:46:22] [INFO   ] Registered: org.terraform.structure.mineshaft.ShaftTopPopulator at 378 13 -735 in a room of size 13x6 
[2025-07-03 16:46:22] [INFO   ] Registered: org.terraform.structure.mineshaft.SmeltingHallPopulator at 320 13 -739 in a room of size 15x14 
[2025-07-03 16:46:22] [INFO   ] Registered: org.terraform.structure.mineshaft.SmeltingHallPopulator at 271 13 -777 in a room of size 15x14 
[2025-07-03 16:46:25] [INFO   ] Generating org.terraform.structure.small.shipwreck.ShipwreckPopulator at chunk: 4,-16 
[2025-07-03 16:46:25] [INFO   ] Spawning shipwreck at 76, 42, -243 with rotation of WEST 
[2025-07-03 16:46:29] [INFO   ] Generating org.terraform.structure.small.dungeon.SmallDungeonPopulator at chunk: -29,-26 
[2025-07-03 16:46:29] [INFO   ] Spawning Underground Dungeon at -451,39,-403 
[2025-07-03 16:46:29] [INFO   ] Large Cave at -704,9,-192 has water level > -21 with populator LargeLushCavePopulator 
[2025-07-03 16:46:30] [INFO   ] Registered: org.terraform.structure.mineshaft.ShaftRoomPopulator at -640 17 -655 in a room of size 13x15 
[2025-07-03 16:46:30] [INFO   ] Registered: org.terraform.structure.mineshaft.ShaftRoomPopulator at -636 17 -707 in a room of size 14x14 
[2025-07-03 16:46:30] [INFO   ] Registered: org.terraform.structure.mineshaft.SmeltingHallPopulator at -656 17 -716 in a room of size 14x14 
[2025-07-03 16:46:30] [INFO   ] Registered: org.terraform.structure.mineshaft.SmeltingHallPopulator at -665 17 -693 in a room of size 15x13 
[2025-07-03 16:46:30] [INFO   ] Registered: org.terraform.structure.mineshaft.CaveSpiderDenPopulator at -777 17 -730 in a room of size 14x14 
[2025-07-03 16:46:30] [INFO   ] Registered: org.terraform.structure.mineshaft.SmeltingHallPopulator at -742 17 -671 in a room of size 15x14 
[2025-07-03 16:46:30] [INFO   ] Registered: org.terraform.structure.mineshaft.SmeltingHallPopulator at -714 17 -710 in a room of size 15x15 
[2025-07-03 16:46:30] [INFO   ] Registered: org.terraform.structure.mineshaft.SmeltingHallPopulator at -725 17 -649 in a room of size 15x15 
[2025-07-03 16:46:30] [INFO   ] Registered: org.terraform.structure.mineshaft.ShaftTopPopulator at -640 32 -655 in a room of size 13x5 
[2025-07-03 16:46:30] [INFO   ] Registered: org.terraform.structure.mineshaft.CaveSpiderDenPopulator at -707 32 -695 in a room of size 15x14 
[2025-07-03 16:46:30] [INFO   ] Registered: org.terraform.structure.mineshaft.ShaftTopPopulator at -636 32 -707 in a room of size 14x6 
[2025-07-03 16:46:30] [INFO   ] Registered: org.terraform.structure.mineshaft.SmeltingHallPopulator at -677 32 -669 in a room of size 14x15 
[2025-07-03 16:46:30] [INFO   ] Registered: org.terraform.structure.mineshaft.SmeltingHallPopulator at -746 32 -660 in a room of size 13x13 
[2025-07-03 16:46:30] [INFO   ] Registered: org.terraform.structure.mineshaft.CaveSpiderDenPopulator at -633 32 -664 in a room of size 15x13 
[2025-07-03 16:46:30] [INFO   ] Registered: org.terraform.structure.mineshaft.SmeltingHallPopulator at -746 32 -632 in a room of size 14x13 
[2025-07-03 16:46:30] [INFO   ] Registered: org.terraform.structure.mineshaft.SmeltingHallPopulator at -643 32 -718 in a room of size 15x14 
[2025-07-03 16:46:30] [INFO   ] Registered: org.terraform.structure.mineshaft.SmeltingHallPopulator at -773 32 -671 in a room of size 13x13 
[2025-07-03 16:46:30] [INFO   ] Registered: org.terraform.structure.mineshaft.SmeltingHallPopulator at -646 32 -682 in a room of size 14x15 
[2025-07-03 16:46:30] [INFO   ] Registered: org.terraform.structure.mineshaft.CaveSpiderDenPopulator at -679 32 -704 in a room of size 13x13 
[2025-07-03 16:46:30] [INFO   ] Generating org.terraform.structure.small.dungeon.SmallDungeonPopulator at chunk: -24,-27 
[2025-07-03 16:46:30] [INFO   ] Spawning Underground Dungeon at -380,10,-428 
[2025-07-03 16:46:32] [INFO   ] Generating org.terraform.structure.small.shipwreck.ShipwreckPopulator at chunk: -23,-8 
[2025-07-03 16:46:32] [INFO   ] Spawning shipwreck at -358, 47, -116 with rotation of WEST 
[2025-07-03 16:46:32] [INFO   ] Registered: org.terraform.structure.mineshaft.ShaftRoomPopulator at -679 12 309 in a room of size 15x15 
[2025-07-03 16:46:32] [INFO   ] Registered: org.terraform.structure.mineshaft.CaveSpiderDenPopulator at -675 12 334 in a room of size 14x13 
[2025-07-03 16:46:32] [INFO   ] Registered: org.terraform.structure.mineshaft.CaveSpiderDenPopulator at -764 12 272 in a room of size 14x14 
[2025-07-03 16:46:32] [INFO   ] Registered: org.terraform.structure.mineshaft.ShaftRoomPopulator at -643 12 363 in a room of size 13x15 
[2025-07-03 16:46:32] [INFO   ] Registered: org.terraform.structure.mineshaft.SmeltingHallPopulator at -777 12 332 in a room of size 14x14 
[2025-07-03 16:46:32] [INFO   ] Registered: org.terraform.structure.mineshaft.CaveSpiderDenPopulator at -749 12 301 in a room of size 13x14 
[2025-07-03 16:46:32] [INFO   ] Registered: org.terraform.structure.mineshaft.SmeltingHallPopulator at -747 12 383 in a room of size 15x14 
[2025-07-03 16:46:32] [INFO   ] Registered: org.terraform.structure.mineshaft.CaveSpiderDenPopulator at -705 12 272 in a room of size 14x13 
[2025-07-03 16:46:32] [INFO   ] Registered: org.terraform.structure.mineshaft.CaveSpiderDenPopulator at -639 12 264 in a room of size 15x14 
[2025-07-03 16:46:32] [INFO   ] Registered: org.terraform.structure.mineshaft.CaveSpiderDenPopulator at -761 27 257 in a room of size 15x13 
[2025-07-03 16:46:32] [INFO   ] Registered: org.terraform.structure.mineshaft.ShaftTopPopulator at -679 27 309 in a room of size 15x6 
[2025-07-03 16:46:32] [INFO   ] Registered: org.terraform.structure.mineshaft.SmeltingHallPopulator at -631 27 336 in a room of size 15x15 
[2025-07-03 16:46:32] [INFO   ] Registered: org.terraform.structure.mineshaft.CaveSpiderDenPopulator at -718 27 311 in a room of size 14x15 
[2025-07-03 16:46:32] [INFO   ] Registered: org.terraform.structure.mineshaft.CaveSpiderDenPopulator at -754 27 291 in a room of size 13x14 
[2025-07-03 16:46:32] [INFO   ] Registered: org.terraform.structure.mineshaft.ShaftTopPopulator at -643 27 363 in a room of size 13x6 
[2025-07-03 16:46:32] [INFO   ] Registered: org.terraform.structure.mineshaft.SmeltingHallPopulator at -672 27 354 in a room of size 13x14 
[2025-07-03 16:46:32] [INFO   ] Registered: org.terraform.structure.mineshaft.CaveSpiderDenPopulator at -675 27 268 in a room of size 13x15 
[2025-07-03 16:46:32] [INFO   ] Registered: org.terraform.structure.mineshaft.SmeltingHallPopulator at -683 27 337 in a room of size 14x15 
[2025-07-03 16:46:32] [INFO   ] Generating org.terraform.structure.small.shipwreck.ShipwreckPopulator at chunk: -23,-14 
[2025-07-03 16:46:32] [INFO   ] Spawning shipwreck at -356, 40, -222 with rotation of NORTH 
[2025-07-03 16:46:33] [INFO   ] Generating org.terraform.structure.trialchamber.TrialChamberPopulator at chunk: -12,-12 
[2025-07-03 16:46:39] [INFO   ] Generating org.terraform.structure.small.shipwreck.ShipwreckPopulator at chunk: -27,27 
[2025-07-03 16:46:39] [INFO   ] Spawning shipwreck at -428, 47, 432 with rotation of NORTH 
[2025-07-03 16:46:40] [INFO   ] Large Schematic 
[2025-07-03 16:46:40] [INFO   ] Small Schematic 
[2025-07-03 16:46:40] [INFO   ] Medium Schematic 
[2025-07-03 16:46:42] [INFO   ] Generating org.terraform.structure.ancientcity.AncientCityPopulator at chunk: -12,20 
[2025-07-03 16:46:43] [INFO   ] Generating org.terraform.structure.small.dungeon.SmallDungeonPopulator at chunk: -6,26 
[2025-07-03 16:46:43] [INFO   ] Spawning Underground Dungeon at -81,29,426 
[2025-07-03 16:46:44] [INFO   ] Generating org.terraform.structure.small.dungeon.SmallDungeonPopulator at chunk: -12,14 
[2025-07-03 16:46:44] [INFO   ] Spawning Underground Dungeon at -186,140,230 
[2025-07-03 16:46:44] [INFO   ] Generating org.terraform.structure.small.ruinedportal.RuinedPortalPopulator at chunk: -11,9 
[2025-07-03 16:48:04] [INFO   ] -44,52 will spawn a vanilla structure, with tryGenerateStructure == true 
[2025-07-03 16:48:05] [INFO   ] Generating org.terraform.structure.small.buriedtreasure.BuriedTreasurePopulator at chunk: -36,24 
[2025-07-03 17:00:33] [INFO   ]  Custom Logger Initialized 
[2025-07-03 17:00:33] [INFO   ] [NOTICE] TerraformGenerator will suppress the server's watchdog while generating chunks to prevent unnecessary stacktrace warnings. Unless you specifically need thewatchdog now (to take aikar timings or debug lag), you don't need to take any action. 
[2025-07-03 17:00:33] [INFO   ] It is recommended to pregenerate to reduce lag problems. 
[2025-07-03 17:00:33] [INFO   ] Watchdog Thread hooked. 
[2025-07-03 17:00:34] [INFO   ]  bStats Metrics enabled. 
[2025-07-03 17:00:34] [INFO   ]  Detected version: 1.21.1, number: 21.1 
[2025-07-03 17:00:34] [INFO   ] Unfreezing biome registry... 
[2025-07-03 17:00:34] [INFO   ] Registered custom biome: muddy_bog 
[2025-07-03 17:00:34] [INFO   ] Registered custom biome: cherry_grove 
[2025-07-03 17:00:34] [INFO   ] Registered custom biome: scarlet_forest 
[2025-07-03 17:00:34] [INFO   ] Registered custom biome: crystalline_cluster 
[2025-07-03 17:00:34] [INFO   ] Freezing biome registry 
[2025-07-03 17:00:34] [INFO   ] [Structure Registry] Registered Large Structure: VillageHousePopulator 
[2025-07-03 17:00:34] [INFO   ] [Structure Registry] Registered Large Structure: VillagePopulator 
[2025-07-03 17:00:34] [INFO   ] [Structure Registry] Registered Large Structure: OutpostPopulator 
[2025-07-03 17:00:34] [INFO   ] [Structure Registry] Registered Large Structure: PyramidPopulator 
[2025-07-03 17:00:34] [INFO   ] [Structure Registry] Registered Large Structure: MonumentPopulator 
[2025-07-03 17:00:34] [INFO   ] [Structure Registry] Registered Large Structure: StrongholdPopulator 
[2025-07-03 17:00:34] [INFO   ] [Structure Registry] Registered Large Structure: MansionPopulator 
[2025-07-03 17:00:34] [INFO   ] [Structure Registry] Registered Large Structure: AncientCityPopulator 
[2025-07-03 17:00:34] [INFO   ] [Structure Registry] Registered Large Structure: TrialChamberPopulator 
[2025-07-03 17:00:34] [INFO   ] [Structure Registry] Registered Large Structure: LargeCavePopulator 
[2025-07-03 17:00:34] [INFO   ] [Structure Registry] Registered Large Structure: MineshaftPopulator 
[2025-07-03 17:00:34] [INFO   ] [Structure Registry] Registered Large Structure: CatacombsPopulator 
[2025-07-03 17:00:34] [INFO   ] [Structure Registry] Registered Large Structure: BadlandsMinePopulator 
[2025-07-03 17:00:34] [INFO   ] [Structure Registry] Registered Large Structure: WarmOceanRuinsPopulator 
[2025-07-03 17:00:34] [INFO   ] [Structure Registry] Registered Large Structure: TrailRuinsPopulator 
[2025-07-03 17:00:34] [INFO   ] [Structure Registry] Registered Small Structure: SmallDungeonPopulator 
[2025-07-03 17:00:34] [INFO   ] [Structure Registry] Registered Small Structure: ShipwreckPopulator 
[2025-07-03 17:00:34] [INFO   ] [Structure Registry] Registered Small Structure: BuriedTreasurePopulator 
[2025-07-03 17:00:34] [INFO   ] [Structure Registry] Registered Small Structure: RuinedPortalPopulator 
[2025-07-03 17:00:34] [INFO   ] [Structure Registry] Registered Small Structure: IglooPopulator 
[2025-07-03 17:00:34] [INFO   ] [Structure Registry] Registered Small Structure: DesertWellPopulator 
[2025-07-03 17:00:34] [INFO   ] [Structure Registry] Registered Small Structure: WitchHutPopulator 
[2025-07-03 17:00:34] [INFO   ] Creating TW instance: world - -4922751724223358127 
[2025-07-03 17:00:34] [INFO   ]  Detected world: world, commencing injection...  
[2025-07-03 17:00:34] [INFO   ] Creating TW instance: world - -4922751724223358127 
[2025-07-03 17:00:34] [INFO   ] NMSChunkGenerator Delegate is of type CustomChunkGenerator 
[2025-07-03 17:00:34] [INFO   ] Post injection: getChunkSource().getChunkGenerator() is of type NMSChunkGenerator 
[2025-07-03 17:00:34] [INFO   ]  Injection success! Proceeding with generation. 
[2025-07-03 17:00:35] [INFO   ]  world loaded. 
[2025-07-03 17:01:04] [INFO   ] Will spawn stronghold at: CoordPair[x=884, z=1095] 
[2025-07-03 17:01:05] [INFO   ] Registered: org.terraform.structure.mineshaft.ShaftRoomPopulator at -705 6 272 in a room of size 14x13 
[2025-07-03 17:01:05] [INFO   ] Registered: org.terraform.structure.mineshaft.CaveSpiderDenPopulator at -679 6 309 in a room of size 15x15 
[2025-07-03 17:01:05] [INFO   ] Registered: org.terraform.structure.mineshaft.CaveSpiderDenPopulator at -643 6 363 in a room of size 13x15 
[2025-07-03 17:01:05] [INFO   ] Registered: org.terraform.structure.mineshaft.CaveSpiderDenPopulator at -749 6 301 in a room of size 13x14 
[2025-07-03 17:01:05] [INFO   ] Registered: org.terraform.structure.mineshaft.CaveSpiderDenPopulator at -764 6 272 in a room of size 14x14 
[2025-07-03 17:01:05] [INFO   ] Registered: org.terraform.structure.mineshaft.CaveSpiderDenPopulator at -777 6 332 in a room of size 14x14 
[2025-07-03 17:01:05] [INFO   ] Registered: org.terraform.structure.mineshaft.CaveSpiderDenPopulator at -639 6 264 in a room of size 15x14 
[2025-07-03 17:01:05] [INFO   ] Registered: org.terraform.structure.mineshaft.CaveSpiderDenPopulator at -675 6 334 in a room of size 14x13 
[2025-07-03 17:01:05] [INFO   ] Registered: org.terraform.structure.mineshaft.ShaftRoomPopulator at -747 6 383 in a room of size 15x14 
[2025-07-03 17:01:05] [INFO   ] Registered: org.terraform.structure.mineshaft.ShaftTopPopulator at -747 21 383 in a room of size 15x6 
[2025-07-03 17:01:05] [INFO   ] Registered: org.terraform.structure.mineshaft.CaveSpiderDenPopulator at -683 21 337 in a room of size 14x15 
[2025-07-03 17:01:05] [INFO   ] Registered: org.terraform.structure.mineshaft.CaveSpiderDenPopulator at -761 21 257 in a room of size 15x13 
[2025-07-03 17:01:05] [INFO   ] Registered: org.terraform.structure.mineshaft.SmeltingHallPopulator at -754 21 291 in a room of size 13x14 
[2025-07-03 17:01:05] [INFO   ] Registered: org.terraform.structure.mineshaft.CaveSpiderDenPopulator at -634 21 359 in a room of size 13x13 
[2025-07-03 17:01:05] [INFO   ] Registered: org.terraform.structure.mineshaft.ShaftTopPopulator at -705 21 272 in a room of size 14x5 
[2025-07-03 17:01:05] [INFO   ] Registered: org.terraform.structure.mineshaft.CaveSpiderDenPopulator at -672 21 354 in a room of size 13x14 
[2025-07-03 17:01:05] [INFO   ] Registered: org.terraform.structure.mineshaft.CaveSpiderDenPopulator at -718 21 311 in a room of size 14x15 
[2025-07-03 17:01:05] [INFO   ] Registered: org.terraform.structure.mineshaft.CaveSpiderDenPopulator at -675 21 268 in a room of size 13x15 
[2025-07-03 17:01:05] [INFO   ] Registered: org.terraform.structure.mineshaft.CaveSpiderDenPopulator at -631 21 336 in a room of size 15x15 
[2025-07-03 17:01:07] [INFO   ] Spawning CaveFluidClusterPopulator at -560,20,320 
[2025-07-03 17:01:07] [INFO   ] Spawning DeepCavePopulator at -560,-39,320 
[2025-07-03 17:01:07] [INFO   ] Spawning MossyCavePopulator at -560,20,321 
[2025-07-03 17:01:48] [INFO   ] Spawning DripstoneClusterCavePopulator at -576,30,320 
[2025-07-03 17:01:54] [INFO   ] Large Cave at -192,25,832 has water level > -10 with populator MushroomCavePopulator 
[2025-07-03 17:01:54] [INFO   ] Spawning FrozenCavePopulator at -336,42,848 
[2025-07-03 17:01:54] [INFO   ] Spawning CrystallineClusterCavePopulator at -344,34,860 
[2025-07-03 17:01:55] [INFO   ] Generating org.terraform.structure.caves.LargeCavePopulator at chunk: -12,52 
[2025-07-03 17:01:55] [INFO   ] Spawning LushClusterCavePopulator at -320,9,896 
[2025-07-03 17:05:06] [INFO   ] Generating org.terraform.structure.trialchamber.TrialChamberPopulator at chunk: -44,52 
[2025-07-03 17:05:09] [INFO   ] Generating org.terraform.structure.small.dungeon.SmallDungeonPopulator at chunk: -51,59 
[2025-07-03 17:05:09] [INFO   ] Spawning Underground Dungeon at -816,30,944 
[2025-07-03 17:05:09] [INFO   ] Registered: org.terraform.structure.mineshaft.SmeltingHallPopulator at -715 26 1388 in a room of size 15x14 
[2025-07-03 17:05:09] [INFO   ] Registered: org.terraform.structure.mineshaft.SmeltingHallPopulator at -747 26 1323 in a room of size 13x15 
[2025-07-03 17:05:09] [INFO   ] Registered: org.terraform.structure.mineshaft.SmeltingHallPopulator at -681 26 1329 in a room of size 13x14 
[2025-07-03 17:05:09] [INFO   ] Registered: org.terraform.structure.mineshaft.SmeltingHallPopulator at -753 26 1417 in a room of size 15x13 
[2025-07-03 17:05:09] [INFO   ] Registered: org.terraform.structure.mineshaft.SmeltingHallPopulator at -722 26 1276 in a room of size 14x15 
[2025-07-03 17:05:09] [INFO   ] Registered: org.terraform.structure.mineshaft.SmeltingHallPopulator at -713 26 1337 in a room of size 15x13 
[2025-07-03 17:05:09] [INFO   ] Registered: org.terraform.structure.mineshaft.CaveSpiderDenPopulator at -736 26 1275 in a room of size 13x14 
[2025-07-03 17:05:09] [INFO   ] Registered: org.terraform.structure.mineshaft.SmeltingHallPopulator at -639 26 1378 in a room of size 15x15 
[2025-07-03 17:05:09] [INFO   ] Registered: org.terraform.structure.mineshaft.CaveSpiderDenPopulator at -662 26 1412 in a room of size 14x13 
[2025-07-03 17:05:12] [INFO   ] Registered: org.terraform.structure.mineshaft.SmeltingHallPopulator at -1289 2 843 in a room of size 13x15 
[2025-07-03 17:05:12] [INFO   ] Registered: org.terraform.structure.mineshaft.SmeltingHallPopulator at -1207 2 772 in a room of size 13x14 
[2025-07-03 17:05:12] [INFO   ] Registered: org.terraform.structure.mineshaft.CaveSpiderDenPopulator at -1240 2 887 in a room of size 14x14 
[2025-07-03 17:05:12] [INFO   ] Registered: org.terraform.structure.mineshaft.CaveSpiderDenPopulator at -1144 2 794 in a room of size 15x15 
[2025-07-03 17:05:12] [INFO   ] Registered: org.terraform.structure.mineshaft.SmeltingHallPopulator at -1150 2 814 in a room of size 14x15 
[2025-07-03 17:05:12] [INFO   ] Registered: org.terraform.structure.mineshaft.CaveSpiderDenPopulator at -1237 2 809 in a room of size 13x15 
[2025-07-03 17:05:12] [INFO   ] Registered: org.terraform.structure.mineshaft.SmeltingHallPopulator at -1260 2 817 in a room of size 15x14 
[2025-07-03 17:05:12] [INFO   ] Registered: org.terraform.structure.mineshaft.SmeltingHallPopulator at -1236 2 825 in a room of size 14x13 
[2025-07-03 17:05:12] [INFO   ] Registered: org.terraform.structure.mineshaft.CaveSpiderDenPopulator at -1243 2 872 in a room of size 13x15 
[2025-07-03 17:05:15] [INFO   ] Minecart with chest at: -1149, 2, 813 
[2025-07-03 17:05:15] [INFO   ] Minecart with chest at: -1171, 2, 792 
[2025-07-03 17:05:15] [INFO   ] Minecart with chest at: -1187, 2, 792 
[2025-07-03 17:05:16] [INFO   ] Minecart with chest at: -1206, 2, 771 
[2025-07-03 17:05:16] [INFO   ] Minecart with chest at: -1217, 2, 813 
[2025-07-03 17:05:16] [INFO   ] Generating org.terraform.structure.mineshaft.MineshaftPopulator at chunk: -76,52 
[2025-07-03 17:05:16] [INFO   ] Minecart with chest at: -1244, 2, 816 
[2025-07-03 17:05:17] [INFO   ] Generating org.terraform.structure.small.dungeon.SmallDungeonPopulator at chunk: -72,40 
[2025-07-03 17:05:17] [INFO   ] Spawning Underground Dungeon at -1147,50,650 
[2025-07-03 17:05:19] [INFO   ] Generating org.terraform.structure.small.dungeon.SmallDungeonPopulator at chunk: -75,38 
[2025-07-03 17:05:19] [INFO   ] Spawning Underground Dungeon at -1195,30,612 
[2025-07-03 17:05:37] [INFO   ] Spawning ancient city at: -1728,-18,832 
[2025-07-03 17:05:37] [INFO   ] Registered: org.terraform.structure.ancientcity.AncientCityAltarPopulator at -1776 -18 817 in a room of size 21x22 
[2025-07-03 17:05:37] [INFO   ] Registered: org.terraform.structure.ancientcity.AncientCitySchematicPlatform at -1780 -18 874 in a room of size 19x20 
[2025-07-03 17:05:37] [INFO   ] Registered: org.terraform.structure.ancientcity.AncientCityCenterPlatformPopulator at -1720 -18 840 in a room of size 46x46 
[2025-07-03 17:05:37] [INFO   ] Registered: org.terraform.structure.ancientcity.AncientCityRuinsPlatform at -1771 -18 783 in a room of size 16x23 
[2025-07-03 17:05:37] [INFO   ] Registered: org.terraform.structure.ancientcity.AncientCitySchematicPlatform at -1710 -18 785 in a room of size 24x20 
[2025-07-03 17:05:37] [INFO   ] Registered: org.terraform.structure.ancientcity.AncientCityRuinsPlatform at -1700 -18 886 in a room of size 23x18 
[2025-07-03 17:05:37] [INFO   ] Registered: org.terraform.structure.ancientcity.AncientCitySchematicPlatform at -1688 -18 825 in a room of size 19x26 
[2025-07-03 17:05:37] [INFO   ] Registered: org.terraform.structure.ancientcity.AncientCityRuinsPlatform at -1684 -18 855 in a room of size 19x18 
[2025-07-03 17:05:37] [INFO   ] Registered: org.terraform.structure.ancientcity.AncientCityRuinsPlatform at -1744 -18 880 in a room of size 16x22 
[2025-07-03 17:05:37] [INFO   ] Registered: org.terraform.structure.ancientcity.AncientCitySchematicPlatform at -1733 -18 782 in a room of size 16x22 
[2025-07-03 17:05:37] [INFO   ] Registered: org.terraform.structure.ancientcity.AncientCityLargePillarRoomPopulator at -1677 -18 876 in a room of size 17x20 
[2025-07-03 17:06:17] [INFO   ] Vanilla locate for net.minecraft.world.level.levelgen.structure.structures.JigsawStructure invoked. 
[2025-07-03 17:06:20] [INFO   ] -108,20 will spawn a vanilla structure, with tryGenerateStructure == true 
[2025-07-03 17:06:21] [INFO   ] Generating org.terraform.structure.trialchamber.TrialChamberPopulator at chunk: -108,20 
[2025-07-03 17:06:22] [INFO   ] Generating org.terraform.structure.small.ruinedportal.RuinedPortalPopulator at chunk: -101,19 
[2025-07-03 17:06:26] [INFO   ] Spawning ForestedMountainsCavePopulator at -1872,-17,131 
